<?xml version="1.0" encoding="UTF-8"?>
<testsuites>
  <testsuite id="0" name="C:\Users\2738980\Desktop\projects\mern\Backend\test\teams.test.js" errors="0" package="C:\Users\2738980\Desktop\projects\mern\Backend\test\teams.test.js" hostname="localhost" tests="33" failures="0" time="3.807" timestamp="2024-11-01T10:33:57">
    <properties>
    </properties>
    <testcase classname="Admin logging in" name="Admin logging in" time="0">
    </testcase>
    <testcase classname="Admin not logging in" name="Admin not logging in" time="0">
    </testcase>
    <testcase classname="Adding a new member" name="Adding a new member" time="0">
    </testcase>
    <testcase classname="Adding a new member" name="Adding a new member" time="0">
    </testcase>
    <testcase classname="Adding a new member" name="Adding a new member" time="0">
    </testcase>
    <testcase classname="Adding a new member with invalid employee id" name="Adding a new member with invalid employee id" time="0">
    </testcase>
    <testcase classname="Adding a new member with invalid employee id" name="Adding a new member with invalid employee id" time="0">
    </testcase>
    <testcase classname="Adding a new member with invalid employee name" name="Adding a new member with invalid employee name" time="0">
    </testcase>
    <testcase classname="Adding a new member with invalid employee name" name="Adding a new member with invalid employee name" time="0">
    </testcase>
    <testcase classname="Adding a new member with invalid employee name" name="Adding a new member with invalid employee name" time="0">
    </testcase>
    <testcase classname="Adding a new member with invalid experience" name="Adding a new member with invalid experience" time="0">
    </testcase>
    <testcase classname="Adding a new member without employee id" name="Adding a new member without employee id" time="0">
    </testcase>
    <testcase classname="Adding a new member without employee name" name="Adding a new member without employee name" time="0">
    </testcase>
    <testcase classname="Adding a new member without experience" name="Adding a new member without experience" time="0">
    </testcase>
    <testcase classname="Adding a new member without technology name" name="Adding a new member without technology name" time="0">
    </testcase>
    <testcase classname="Getting technologies from DB" name="Getting technologies from DB" time="0">
    </testcase>
    <testcase classname="Adding a new technology to the dropdown" name="Adding a new technology to the dropdown" time="0">
    </testcase>
    <testcase classname="Adding a new technology to the dropdown" name="Adding a new technology to the dropdown" time="0">
    </testcase>
    <testcase classname="Removing a new technology to the dropdown" name="Removing a new technology to the dropdown" time="0">
    </testcase>
    <testcase classname="Updating a member name" name="Updating a member name" time="0">
    </testcase>
    <testcase classname="Updating a member id" name="Updating a member id" time="0">
    </testcase>
    <testcase classname="Updating a member technology name" name="Updating a member technology name" time="0">
    </testcase>
    <testcase classname="Updating a member experience" name="Updating a member experience" time="0">
    </testcase>
    <testcase classname="Not updating when validation for employee id got falied" name="Not updating when validation for employee id got falied" time="0">
    </testcase>
    <testcase classname="Not updating when validation for employee id got falied" name="Not updating when validation for employee id got falied" time="0">
    </testcase>
    <testcase classname="Not updating when validation for employee id got falied" name="Not updating when validation for employee id got falied" time="0">
    </testcase>
    <testcase classname="Not updating when validation for employee id got falied" name="Not updating when validation for employee id got falied" time="0">
    </testcase>
    <testcase classname="Not updating when validation for employee id got falied" name="Not updating when validation for employee id got falied" time="0">
    </testcase>
    <testcase classname="Getting members from DB" name="Getting members from DB" time="0">
    </testcase>
    <testcase classname="Getting members from DB based on technology name" name="Getting members from DB based on technology name" time="0">
    </testcase>
    <testcase classname="Getting members from DB based on experience" name="Getting members from DB based on experience" time="0">
    </testcase>
    <testcase classname="Getting members from DB based on technology name and experience" name="Getting members from DB based on technology name and experience" time="0">
    </testcase>
    <testcase classname="Deleting members from DB" name="Deleting members from DB" time="0">
    </testcase>
    <system-out/>
    <system-err/>
  </testsuite>
</testsuites>